<?xml version="1.0" encoding="UTF-8"?>
<!-- Generated by org.testng.reporters.JUnitXMLReporter -->
<testsuite ignored="3" hostname="LAPTOP-DLGNVLFE" failures="2" tests="2" name="Test" time="31.235" errors="0" timestamp="2021-04-22T15:29:16 IST">
  <testcase classname="testdata.ErrorValueTestCases" name="sample" time="5.219">
    <failure type="java.lang.AssertionError" message="expected [255.00] but found []">
      <![CDATA[java.lang.AssertionError: expected [255.00] but found []
at testdata.ErrorValueTestCases.sample(ErrorValueTestCases.java:73)
at java.base/java.util.ArrayList.forEach(ArrayList.java:1511)
... Removed 33 stack frames]]>
    </failure>
  </testcase> <!-- sample -->
  <testcase classname="testdata.ErrorValueTestCases" name="sample" time="4.96">
    <failure type="java.lang.AssertionError" message="expected [255.00] but found []">
      <![CDATA[java.lang.AssertionError: expected [255.00] but found []
at testdata.ErrorValueTestCases.sample(ErrorValueTestCases.java:73)
at java.base/java.util.ArrayList.forEach(ArrayList.java:1511)
... Removed 33 stack frames]]>
    </failure>
  </testcase> <!-- sample -->
  <testcase classname="testdata.ErrorValueTestCases" name="errorMessageOfCylinder1" time="0.0">
    <ignored/>
  </testcase> <!-- errorMessageOfCylinder1 -->
  <testcase classname="testdata.ErrorValueTestCases" name="verifyMakedropdown" time="0.0">
    <ignored/>
  </testcase> <!-- verifyMakedropdown -->
  <testcase classname="testdata.ErrorValueTestCases" name="errorMessageOfCylinder" time="0.0">
    <ignored/>
  </testcase> <!-- errorMessageOfCylinder -->
</testsuite> <!-- Test -->
